2023/08/30 15:01:24 dbConnector.go:196: connect to "dm://IPAQD:123456789@192.168.1.197:5239?clobAsString=true?schema=IPAQD" succeed.
2023/08/30 15:01:24 dbConnector.go:62: 规则集ID： bfb7ae0c6ba54d78b1f00b95483d0545 
2023/08/30 15:01:24 dbConnector.go:70: 规则集历史版本ID: 79b5d99f350a4f0baa1bb9c97a25dacd 
2023/08/30 15:01:25 rule_json.go:87: FilterCondition中无嵌套指标！ 
2023/08/30 15:01:25 rule_json.go:191: 查询到方法中嵌套业务字段ID=ca1374298f774830acdcc5c10af66204,名称=ip_province 
2023/08/30 15:01:25 rule_json.go:135: 查询到过滤条件中嵌套业务字段ID=ca1374298f774830acdcc5c10af66204,名称=ip_province： 
2023/08/30 15:01:25 rule_json.go:191: 查询到方法中嵌套业务字段ID=e2d8d5b1424e49ac95c554095524848b,名称=id_no 
2023/08/30 15:01:25 rule_json.go:191: 查询到方法中嵌套业务字段ID=57efefe58c7a45cfbc5954b56021e343,名称=ip 
2023/08/30 15:01:25 rule_json.go:87: FilterCondition中无嵌套指标！ 
2023/08/30 15:01:25 rule_json.go:191: 查询到方法中嵌套业务字段ID=0b46843249be4321a5cfcb3099ae0946,名称=remark1 
2023/08/30 15:01:25 rule_json.go:87: FilterCondition中无嵌套指标！ 
2023/08/30 15:01:25 rule_json.go:166: 查询到方法中嵌套指标：12ec65c93835487d85ab8de620ddca8b 
2023/08/30 15:01:25 rule_json.go:191: 查询到方法中嵌套业务字段ID=31261032ff604e919753fef80f9e4d7e,名称=trade_time 
2023/08/30 15:01:25 rule_json.go:87: FilterCondition中无嵌套指标！ 
2023/08/30 15:01:25 rule_json.go:166: 查询到方法中嵌套指标：8362d1b05c3e477481f30a555ffddacd 
2023/08/30 15:01:25 rule_json.go:191: 查询到方法中嵌套业务字段ID=31261032ff604e919753fef80f9e4d7e,名称=trade_time 
2023/08/30 15:01:25 rule_json.go:87: FilterCondition中无嵌套指标！ 
2023/08/30 15:01:25 rule_json.go:166: 查询到方法中嵌套指标：0b29471562274aefa80ca7570e7a5eb3 
2023/08/30 15:01:25 rule_json.go:191: 查询到方法中嵌套业务字段ID=31261032ff604e919753fef80f9e4d7e,名称=trade_time 
2023/08/30 15:01:25 rule_json.go:87: FilterCondition中无嵌套指标！ 
2023/08/30 15:01:25 rule_json.go:166: 查询到方法中嵌套指标：1da593de7cbf45038e827b3316b91953 
2023/08/30 15:01:25 rule_json.go:191: 查询到方法中嵌套业务字段ID=31261032ff604e919753fef80f9e4d7e,名称=trade_time 
2023/08/30 15:01:25 rule_json.go:87: FilterCondition中无嵌套指标！ 
2023/08/30 15:01:25 rule_json.go:166: 查询到方法中嵌套指标：a50379dd65d7423db447118160abc6ec 
2023/08/30 15:01:25 rule_json.go:191: 查询到方法中嵌套业务字段ID=31261032ff604e919753fef80f9e4d7e,名称=trade_time 
2023/08/30 15:01:25 rule_json.go:135: 查询到过滤条件中嵌套业务字段ID=ca1374298f774830acdcc5c10af66204,名称=ip_province： 
2023/08/30 15:01:25 rule_json.go:191: 查询到方法中嵌套业务字段ID=e2d8d5b1424e49ac95c554095524848b,名称=id_no 
2023/08/30 15:01:25 rule_json.go:191: 查询到方法中嵌套业务字段ID=fbfbe6c759bf4992b5b1d6a21fbfb02e,名称=in_account 
2023/08/30 15:01:25 rule_json.go:87: FilterCondition中无嵌套指标！ 
2023/08/30 15:01:25 rule_json.go:191: 查询到方法中嵌套业务字段ID=e2d8d5b1424e49ac95c554095524848b,名称=id_no 
2023/08/30 15:01:25 rule_json.go:191: 查询到方法中嵌套业务字段ID=58b4b644b94f4d949c62a913c3e2778f,名称=amount 
2023/08/30 15:01:25 rule_json.go:87: FilterCondition中无嵌套指标！ 
2023/08/30 15:01:25 rule_json.go:166: 查询到方法中嵌套指标：a50379dd65d7423db447118160abc6ec 
2023/08/30 15:01:25 rule_json.go:191: 查询到方法中嵌套业务字段ID=31261032ff604e919753fef80f9e4d7e,名称=trade_time 
2023/08/30 15:01:25 rule_json.go:87: FilterCondition中无嵌套指标！ 
2023/08/30 15:01:25 rule_json.go:191: 查询到方法中嵌套业务字段ID=afe5dcf2f2db452da343e7d40c182134,名称=out_account 
2023/08/30 15:01:25 rule_json.go:191: 查询到方法中嵌套业务字段ID=58b4b644b94f4d949c62a913c3e2778f,名称=amount 
2023/08/30 15:01:25 rule_json.go:87: FilterCondition中无嵌套指标！ 
2023/08/30 15:01:25 rule_json.go:166: 查询到方法中嵌套指标：1da593de7cbf45038e827b3316b91953 
2023/08/30 15:01:25 rule_json.go:191: 查询到方法中嵌套业务字段ID=31261032ff604e919753fef80f9e4d7e,名称=trade_time 
2023/08/30 15:01:25 rule_json.go:87: FilterCondition中无嵌套指标！ 
2023/08/30 15:01:25 rule_json.go:166: 查询到方法中嵌套指标：0b29471562274aefa80ca7570e7a5eb3 
2023/08/30 15:01:25 rule_json.go:191: 查询到方法中嵌套业务字段ID=31261032ff604e919753fef80f9e4d7e,名称=trade_time 
2023/08/30 15:01:25 rule_json.go:87: FilterCondition中无嵌套指标！ 
2023/08/30 15:01:25 rule_json.go:166: 查询到方法中嵌套指标：8362d1b05c3e477481f30a555ffddacd 
2023/08/30 15:01:25 rule_json.go:191: 查询到方法中嵌套业务字段ID=31261032ff604e919753fef80f9e4d7e,名称=trade_time 
2023/08/30 15:01:25 rule_json.go:87: FilterCondition中无嵌套指标！ 
2023/08/30 15:01:25 rule_json.go:166: 查询到方法中嵌套指标：12ec65c93835487d85ab8de620ddca8b 
2023/08/30 15:01:25 rule_json.go:191: 查询到方法中嵌套业务字段ID=31261032ff604e919753fef80f9e4d7e,名称=trade_time 
2023/08/30 15:01:25 rule_json.go:135: 查询到过滤条件中嵌套业务字段ID=ca1374298f774830acdcc5c10af66204,名称=ip_province： 
2023/08/30 15:01:25 rule_json.go:109: 查询到过滤条件中嵌套指标：968ba89d3b81494fa5eb7e4db7a28093 
2023/08/30 15:01:25 rule_json.go:191: 查询到方法中嵌套业务字段ID=6f70dc23294e4d3ca076eef20fd4b06b,名称=user_id 
2023/08/30 15:01:25 rule_json.go:87: FilterCondition中无嵌套指标！ 
2023/08/30 15:01:25 rule_json.go:191: 查询到方法中嵌套业务字段ID=6f70dc23294e4d3ca076eef20fd4b06b,名称=user_id 
2023/08/30 15:01:25 rule_json.go:87: FilterCondition中无嵌套指标！ 
2023/08/30 15:01:25 rule_json.go:191: 查询到方法中嵌套业务字段ID=6f70dc23294e4d3ca076eef20fd4b06b,名称=user_id 
2023/08/30 15:01:25 rule_json.go:191: 查询到方法中嵌套业务字段ID=db69056dd9fa441e926dafb7e3426549,名称=dev_fp 
2023/08/30 15:01:25 rule_json.go:109: 查询到过滤条件中嵌套指标：fecd8d66224543cca2e89d465f121eca 
2023/08/30 15:01:25 rule_json.go:191: 查询到方法中嵌套业务字段ID=6f70dc23294e4d3ca076eef20fd4b06b,名称=user_id 
2023/08/30 15:01:25 rule_json.go:135: 查询到过滤条件中嵌套业务字段ID=ca1374298f774830acdcc5c10af66204,名称=ip_province： 
2023/08/30 15:01:25 rule_json.go:109: 查询到过滤条件中嵌套指标：968ba89d3b81494fa5eb7e4db7a28093 
2023/08/30 15:01:25 rule_json.go:191: 查询到方法中嵌套业务字段ID=6f70dc23294e4d3ca076eef20fd4b06b,名称=user_id 
2023/08/30 15:01:25 rule_json.go:109: 查询到过滤条件中嵌套指标：fecd8d66224543cca2e89d465f121eca 
2023/08/30 15:01:25 rule_json.go:109: 查询到过滤条件中嵌套指标：968ba89d3b81494fa5eb7e4db7a28093 
2023/08/30 15:01:25 rule_json.go:191: 查询到方法中嵌套业务字段ID=6f70dc23294e4d3ca076eef20fd4b06b,名称=user_id 
2023/08/30 15:01:25 rule_json.go:87: FilterCondition中无嵌套指标！ 
2023/08/30 15:01:25 rule_json.go:166: 查询到方法中嵌套指标：e47aabac88cb4dfcbca923579a7d1273 
2023/08/30 15:01:25 rule_json.go:191: 查询到方法中嵌套业务字段ID=31261032ff604e919753fef80f9e4d7e,名称=trade_time 
2023/08/30 15:01:25 rule_json.go:109: 查询到过滤条件中嵌套指标：968ba89d3b81494fa5eb7e4db7a28093 
2023/08/30 15:01:25 rule_json.go:135: 查询到过滤条件中嵌套业务字段ID=ca1374298f774830acdcc5c10af66204,名称=ip_province： 
2023/08/30 15:01:25 rule_json.go:191: 查询到方法中嵌套业务字段ID=e2d8d5b1424e49ac95c554095524848b,名称=id_no 
2023/08/30 15:01:25 rule_json.go:87: FilterCondition中无嵌套指标！ 
2023/08/30 15:01:25 rule_json.go:166: 查询到方法中嵌套指标：ca28cea1e24445b78a2abfea67f41881 
2023/08/30 15:01:25 rule_json.go:191: 查询到方法中嵌套业务字段ID=31261032ff604e919753fef80f9e4d7e,名称=trade_time 
2023/08/30 15:01:25 rule_json.go:109: 查询到过滤条件中嵌套指标：968ba89d3b81494fa5eb7e4db7a28093 
2023/08/30 15:01:25 rule_json.go:135: 查询到过滤条件中嵌套业务字段ID=ca1374298f774830acdcc5c10af66204,名称=ip_province： 
2023/08/30 15:01:25 rule_json.go:191: 查询到方法中嵌套业务字段ID=e2d8d5b1424e49ac95c554095524848b,名称=id_no 
2023/08/30 15:01:25 rule_json.go:87: FilterCondition中无嵌套指标！ 
2023/08/30 15:01:25 rule_json.go:166: 查询到方法中嵌套指标：809b38c71f544c5ba87f6b5642cd18f2 
2023/08/30 15:01:25 rule_json.go:191: 查询到方法中嵌套业务字段ID=31261032ff604e919753fef80f9e4d7e,名称=trade_time 
2023/08/30 15:01:25 rule_json.go:87: FilterCondition中无嵌套指标！ 
2023/08/30 15:01:25 rule_json.go:166: 查询到方法中嵌套指标：57797a06fcdd4337b5b1fa766da27ef9 
2023/08/30 15:01:25 rule_json.go:191: 查询到方法中嵌套业务字段ID=31261032ff604e919753fef80f9e4d7e,名称=trade_time 
2023/08/30 15:01:25 rule_json.go:109: 查询到过滤条件中嵌套指标：968ba89d3b81494fa5eb7e4db7a28093 
2023/08/30 15:01:25 rule_json.go:135: 查询到过滤条件中嵌套业务字段ID=ca1374298f774830acdcc5c10af66204,名称=ip_province： 
2023/08/30 15:01:25 rule_json.go:191: 查询到方法中嵌套业务字段ID=e2d8d5b1424e49ac95c554095524848b,名称=id_no 
2023/08/30 15:01:25 rule_json.go:87: FilterCondition中无嵌套指标！ 
2023/08/30 15:01:25 rule_json.go:191: 查询到方法中嵌套业务字段ID=6f70dc23294e4d3ca076eef20fd4b06b,名称=user_id 
2023/08/30 15:01:25 rule_json.go:191: 查询到方法中嵌套业务字段ID=31261032ff604e919753fef80f9e4d7e,名称=trade_time 
2023/08/30 15:01:26 rule_json.go:87: FilterCondition中无嵌套指标！ 
2023/08/30 15:01:26 rule_json.go:191: 查询到方法中嵌套业务字段ID=6f70dc23294e4d3ca076eef20fd4b06b,名称=user_id 
2023/08/30 15:01:26 rule_json.go:191: 查询到方法中嵌套业务字段ID=31261032ff604e919753fef80f9e4d7e,名称=trade_time 
2023/08/30 15:01:26 rule_json.go:87: FilterCondition中无嵌套指标！ 
2023/08/30 15:01:26 rule_json.go:191: 查询到方法中嵌套业务字段ID=6f70dc23294e4d3ca076eef20fd4b06b,名称=user_id 
2023/08/30 15:01:26 rule_json.go:191: 查询到方法中嵌套业务字段ID=31261032ff604e919753fef80f9e4d7e,名称=trade_time 
2023/08/30 15:01:26 rule_json.go:87: FilterCondition中无嵌套指标！ 
2023/08/30 15:01:26 rule_json.go:191: 查询到方法中嵌套业务字段ID=e2d8d5b1424e49ac95c554095524848b,名称=id_no 
2023/08/30 15:01:26 rule_json.go:191: 查询到方法中嵌套业务字段ID=31261032ff604e919753fef80f9e4d7e,名称=trade_time 
2023/08/30 15:01:26 rule_json.go:87: FilterCondition中无嵌套指标！ 
2023/08/30 15:01:26 rule_json.go:191: 查询到方法中嵌套业务字段ID=e2d8d5b1424e49ac95c554095524848b,名称=id_no 
2023/08/30 15:01:26 rule_json.go:191: 查询到方法中嵌套业务字段ID=31261032ff604e919753fef80f9e4d7e,名称=trade_time 
2023/08/30 15:01:26 rule_json.go:87: FilterCondition中无嵌套指标！ 
2023/08/30 15:01:26 rule_json.go:191: 查询到方法中嵌套业务字段ID=6f70dc23294e4d3ca076eef20fd4b06b,名称=user_id 
2023/08/30 15:01:26 rule_json.go:191: 查询到方法中嵌套业务字段ID=31261032ff604e919753fef80f9e4d7e,名称=trade_time 
2023/08/30 15:01:26 rule_json.go:87: FilterCondition中无嵌套指标！ 
2023/08/30 15:01:26 rule_json.go:191: 查询到方法中嵌套业务字段ID=ca1374298f774830acdcc5c10af66204,名称=ip_province 
2023/08/30 15:01:26 rule_json.go:87: FilterCondition中无嵌套指标！ 
2023/08/30 15:01:26 rule_json.go:191: 查询到方法中嵌套业务字段ID=6f70dc23294e4d3ca076eef20fd4b06b,名称=user_id 
2023/08/30 15:01:26 rule_json.go:191: 查询到方法中嵌套业务字段ID=31261032ff604e919753fef80f9e4d7e,名称=trade_time 
2023/08/30 15:01:26 rule_json.go:87: FilterCondition中无嵌套指标！ 
2023/08/30 15:01:26 rule_json.go:191: 查询到方法中嵌套业务字段ID=e2d8d5b1424e49ac95c554095524848b,名称=id_no 
2023/08/30 15:01:26 rule_json.go:191: 查询到方法中嵌套业务字段ID=31261032ff604e919753fef80f9e4d7e,名称=trade_time 
2023/08/30 15:01:26 rule_json.go:87: FilterCondition中无嵌套指标！ 
2023/08/30 15:01:26 rule_json.go:191: 查询到方法中嵌套业务字段ID=6f70dc23294e4d3ca076eef20fd4b06b,名称=user_id 
2023/08/30 15:01:26 rule_json.go:191: 查询到方法中嵌套业务字段ID=31261032ff604e919753fef80f9e4d7e,名称=trade_time 
2023/08/30 15:01:26 rule_json.go:87: FilterCondition中无嵌套指标！ 
2023/08/30 15:01:26 rule_json.go:191: 查询到方法中嵌套业务字段ID=ca1374298f774830acdcc5c10af66204,名称=ip_province 
2023/08/30 15:01:26 dbConnector.go:129: 关联的字段名称：'province','ip_province','id_no','ip','remark1','trade_time','in_account','amount','out_account','user_id','dev_fp' 
2023/08/30 15:01:26 dbConnector.go:138: 指标模板ID：'2d8156ff81554431ab9929d1af4705c5','6ed0fc2a42cd41878a49ab1f8a1ddb68' 
2023/08/30 15:01:26 dbConnector.go:150: 方法模板ID：'11832ccbcbb7416d89c741bb674ac23a','1022f15294ef42a88f80b77ef13851ce' 
2023/08/30 15:01:26 dbConnector.go:207: disconnect succeed
